Removed Pin From Net: NetName=+3.3v Pin=U3-5
Removed Pin From Net: NetName=+3.3v Pin=U4-5
Removed Pin From Net: NetName=+3.3v Pin=U5-5
Removed Pin From Net: NetName=+3.3v Pin=U6-5
Removed Pin From Net: NetName=+3.3v Pin=U7-5
Removed Pin From Net: NetName=+3.3v Pin=U8-5
Change Component Designator: OldDesignator=R15 NewDesignator=R16
Change Component Designator: OldDesignator=R16 NewDesignator=R15
Change Component Designator: OldDesignator=U5 NewDesignator=U6
Change Component Designator: OldDesignator=U6 NewDesignator=U7
Change Component Designator: OldDesignator=U7 NewDesignator=U8
Change Component Designator: OldDesignator=U8 NewDesignator=U9
Added Component: Designator=*1(AM2D-NZ)
Added Component: Designator=J1(BEL_SS-60000-009)
Add component (AddParameter): Name = "Digi-Key_Part_Number"; Value = "380-1096-ND"; VariantName = "[No Variations]"
Add component (AddParameter): Name = "MF"; Value = "Stewart Connector"; VariantName = "[No Variations]"
Add component (AddParameter): Name = "MP"; Value = "SS-60000-009"; VariantName = "[No Variations]"
Add component (AddParameter): Name = "Package"; Value = "None"; VariantName = "[No Variations]"
Add component (AddParameter): Name = "SnapEDA_Link"; Value = "https://www.snapeda.com/parts/SS-60000-009/Stewart%20Connector/view-part/2755597/?ref=snap"; VariantName = "[No Variations]"
Add component (AddParameter): Name = "Value"; Value = ""; VariantName = "[No Variations]"
Added Component: Designator=J2(CUI_TB003-500-P02BE)
Add component (AddParameter): Name = "Availability"; Value = "Unavailable"; VariantName = "[No Variations]"
Add component (AddParameter): Name = "MF"; Value = "CUI Devices"; VariantName = "[No Variations]"
Add component (AddParameter): Name = "MP"; Value = "TB003-500-P02BE"; VariantName = "[No Variations]"
Add component (AddParameter): Name = "Package"; Value = "None"; VariantName = "[No Variations]"
Add component (AddParameter): Name = "Price"; Value = "None"; VariantName = "[No Variations]"
Add component (AddParameter): Name = "SnapEDA_Link"; Value = "https://www.snapeda.com/parts/TB003-500-P02BE/CUI%20Devices/view-part/3590637/?ref=snap"; VariantName = "[No Variations]"
Add component (AddParameter): Name = "Value"; Value = ""; VariantName = "[No Variations]"
Added Component: Designator=J3(CUI_TB003-500-P06BE)
Add component (AddParameter): Name = "Availability"; Value = "Unavailable"; VariantName = "[No Variations]"
Add component (AddParameter): Name = "MF"; Value = "CUI Devices"; VariantName = "[No Variations]"
Add component (AddParameter): Name = "MP"; Value = "TB003-500-P06BE"; VariantName = "[No Variations]"
Add component (AddParameter): Name = "Package"; Value = "None"; VariantName = "[No Variations]"
Add component (AddParameter): Name = "Price"; Value = "None"; VariantName = "[No Variations]"
Add component (AddParameter): Name = "SnapEDA_Link"; Value = "https://www.snapeda.com/parts/TB003-500-P06BE/CUI%20Devices/view-part/3590657/?ref=snap"; VariantName = "[No Variations]"
Add component (AddParameter): Name = "Value"; Value = ""; VariantName = "[No Variations]"
Added Component: Designator=U5(SOP65P640X120-20N)
Add component (AddParameter): Name = "Availability"; Value = "Unavailable"; VariantName = "[No Variations]"
Add component (AddParameter): Name = "DigiKey-Purchase-URL"; Value = "https://snapeda.com/shop?store=DigiKey&id=105750"; VariantName = "[No Variations]"
Add component (AddParameter): Name = "MF"; Value = "Texas Instruments"; VariantName = "[No Variations]"
Add component (AddParameter): Name = "Mouser-Purchase-URL"; Value = "https://snapeda.com/shop?store=Mouser&id=105750"; VariantName = "[No Variations]"
Add component (AddParameter): Name = "MP"; Value = "TXS0108EPWR"; VariantName = "[No Variations]"
Add component (AddParameter): Name = "Package"; Value = "TSSOP-20 Texas Instruments"; VariantName = "[No Variations]"
Add component (AddParameter): Name = "Price"; Value = "None"; VariantName = "[No Variations]"
Add component (AddParameter): Name = "SnapEDA_Link"; Value = "https://www.snapeda.com/parts/TXS0108EPWR/Texas%20Instruments/view-part/105750/?ref=snap"; VariantName = "[No Variations]"
Add component (AddParameter): Name = "Texas_Instruments-Purchase-URL"; Value = "https://snapeda.com/shop?store=Texas+Instruments&id=105750"; VariantName = "[No Variations]"
Add component (AddParameter): Name = "Value"; Value = ""; VariantName = "[No Variations]"
Added Pin To Net: NetName=Vpwr Pin=J2-1
Added Pin To Net: NetName=GND Pin=J2-2
Added Pin To Net: NetName=NetD5_A Pin=J3-1
Added Pin To Net: NetName=NetD4_A Pin=J3-2
Added Pin To Net: NetName=NetD3_A Pin=J3-3
Added Pin To Net: NetName=NetD2_A Pin=J3-4
Added Pin To Net: NetName=GND Pin=J3-5
Added Pin To Net: NetName=Vpwr Pin=J3-6
Added Pin To Net: NetName=+5v Pin=U3-5
Added Pin To Net: NetName=+5v Pin=U4-5
Added Pin To Net: NetName=+3.3v Pin=U5-2
Added Pin To Net: NetName=GND Pin=U5-11
Added Pin To Net: NetName=+5v Pin=U5-19
Added Pin To Net: NetName=NetU3_6 Pin=U5-20
Added Pin To Net: NetName=+5v Pin=U6-5
Added Pin To Net: NetName=+5v Pin=U7-5
Added Pin To Net: NetName=+5v Pin=U8-5
Added Pin To Net: NetName=+5v Pin=U9-5
Added Pin To Net: NetName=NetU3_1 Pin=U3-1
Added Pin To Net: NetName=NetU3_1 Pin=U5-18
Added Net: Name=NetU3_1
Added Pin To Net: NetName=NetU4_1 Pin=U4-1
Added Pin To Net: NetName=NetU4_1 Pin=U5-17
Added Net: Name=NetU4_1
Added Pin To Net: NetName=NetU5_13 Pin=U5-13
Added Pin To Net: NetName=NetU5_13 Pin=U9-1
Added Net: Name=NetU5_13
Added Pin To Net: NetName=NetU5_14 Pin=U5-14
Added Pin To Net: NetName=NetU5_14 Pin=U8-1
Added Net: Name=NetU5_14
Added Pin To Net: NetName=NetU5_15 Pin=U5-15
Added Pin To Net: NetName=NetU5_15 Pin=U7-1
Added Net: Name=NetU5_15
Added Pin To Net: NetName=NetU5_16 Pin=U5-16
Added Pin To Net: NetName=NetU5_16 Pin=U6-1
Added Net: Name=NetU5_16
Added Member To Class: ClassName=universal driver Member=Component *1 AM1DS-0505SJZ
Added Member To Class: ClassName=universal driver Member=Component J1 SS-60000-009
Added Member To Class: ClassName=universal driver Member=Component J2 TB003-500-P02BE
Added Member To Class: ClassName=universal driver Member=Component J3 TB003-500-P06BE
Added Member To Class: ClassName=universal driver Member=Component U1 LM1117T-3.3
Added Member To Class: ClassName=universal driver Member=Component U2 TXS0108EPWR
Added Member To Class: ClassName=universal driver Member=Component U4 TS5A3160DBVR
Added Member To Class: ClassName=universal driver Member=Component U5 TXS0108EPWR
Added Member To Class: ClassName=universal driver Member=Component U6 TS5A3160DBVR
Added Member To Class: ClassName=universal driver Member=Component U9 TS5A3160DBVR
