Added Component: Designator=U4(QFP50P1200X1200X160-64N)
Add component (AddParameter): Name = "Availability"; Value = "Unavailable"; VariantName = "[No Variations]"
Add component (AddParameter): Name = "MF"; Value = "STMicroelectronics"; VariantName = "[No Variations]"
Add component (AddParameter): Name = "MP"; Value = "STM32F303RET6"; VariantName = "[No Variations]"
Add component (AddParameter): Name = "Package"; Value = "LQFP-64 STMicroelectronics"; VariantName = "[No Variations]"
Add component (AddParameter): Name = "Price"; Value = "None"; VariantName = "[No Variations]"
Add component (AddParameter): Name = "SnapEDA_Link"; Value = "https://www.snapeda.com/parts/STM32F303RET6/STMicroelectronics/view-part/226642/?ref=snap"; VariantName = "[No Variations]"
Add component (AddParameter): Name = "Value"; Value = ""; VariantName = "[No Variations]"
Added Pin To Net: NetName=+3.3v Pin=U4-1
Added Pin To Net: NetName=NetD5_1 Pin=U4-2
Added Pin To Net: NetName=NetD4_1 Pin=U4-3
Added Pin To Net: NetName=NetC12_2 Pin=U4-5
Added Pin To Net: NetName=NetC13_2 Pin=U4-6
Added Pin To Net: NetName=NetU4_7 Pin=U4-7
Added Pin To Net: NetName=NetR20_1 Pin=U4-9
Added Pin To Net: NetName=NetR21_1 Pin=U4-10
Added Pin To Net: NetName=NetR23_1 Pin=U4-11
Added Pin To Net: NetName=AGND Pin=U4-12
Added Pin To Net: NetName=NetC14_1 Pin=U4-13
Added Pin To Net: NetName=NetR60_2 Pin=U4-14
Added Pin To Net: NetName=NetR55_2 Pin=U4-15
Added Pin To Net: NetName=NetTP3_1 Pin=U4-16
Added Pin To Net: NetName=NetTP5_1 Pin=U4-17
Added Pin To Net: NetName=NetTP4_1 Pin=U4-18
Added Pin To Net: NetName=NetC21_1 Pin=U4-19
Added Pin To Net: NetName=NetIC3_15 Pin=U4-20
Added Pin To Net: NetName=NetTP6_1 Pin=U4-21
Added Pin To Net: NetName=NetU4_22 Pin=U4-22
Added Pin To Net: NetName=NetU4_23 Pin=U4-23
Added Pin To Net: NetName=NetU4_24 Pin=U4-24
Added Pin To Net: NetName=NetU4_25 Pin=U4-25
Added Pin To Net: NetName=NetU4_26 Pin=U4-26
Added Pin To Net: NetName=NetU4_27 Pin=U4-27
Added Pin To Net: NetName=NetU4_28 Pin=U4-28
Added Pin To Net: NetName=NetU4_29 Pin=U4-29
Added Pin To Net: NetName=NetU3_9 Pin=U4-30
Added Pin To Net: NetName=GND Pin=U4-31
Added Pin To Net: NetName=NetC22_1 Pin=U4-32
Added Pin To Net: NetName=NetU3_10 Pin=U4-33
Added Pin To Net: NetName=NetU3_8 Pin=U4-34
Added Pin To Net: NetName=NetU3_7 Pin=U4-35
Added Pin To Net: NetName=NetU3_6 Pin=U4-36
Added Pin To Net: NetName=NetU3_5 Pin=U4-37
Added Pin To Net: NetName=NetU3_4 Pin=U4-38
Added Pin To Net: NetName=NetU3_1 Pin=U4-39
Added Pin To Net: NetName=NetU3_3 Pin=U4-40
Added Pin To Net: NetName=NetTP2_1 Pin=U4-41
Added Pin To Net: NetName=NetR36_2 Pin=U4-42
Added Pin To Net: NetName=NetR35_2 Pin=U4-43
Added Pin To Net: NetName=NetTP1_1 Pin=U4-44
Added Pin To Net: NetName=NetISO1_4 Pin=U4-45
Added Pin To Net: NetName=NetU4_46 Pin=U4-46
Added Pin To Net: NetName=GND Pin=U4-47
Added Pin To Net: NetName=+3.3v Pin=U4-48
Added Pin To Net: NetName=NetU4_49 Pin=U4-49
Added Pin To Net: NetName=NetD10_1 Pin=U4-50
Added Pin To Net: NetName=NetD9_1 Pin=U4-51
Added Pin To Net: NetName=NetD8_1 Pin=U4-52
Added Pin To Net: NetName=NetD7_1 Pin=U4-53
Added Pin To Net: NetName=NetD6_1 Pin=U4-54
Added Pin To Net: NetName=NetIC1_6 Pin=U4-55
Added Pin To Net: NetName=NetIC1_2 Pin=U4-56
Added Pin To Net: NetName=NetIC1_5 Pin=U4-57
Added Pin To Net: NetName=NetIC1_1 Pin=U4-58
Added Pin To Net: NetName=NetIC1_3 Pin=U4-59
Added Pin To Net: NetName=NetR19_1 Pin=U4-60
Added Pin To Net: NetName=NetR22_1 Pin=U4-61
Added Pin To Net: NetName=NetR24_1 Pin=U4-62
Added Pin To Net: NetName=GND Pin=U4-63
Added Pin To Net: NetName=+3.3v Pin=U4-64
Added Member To Class: ClassName=universal driver Member=Component U4 STM32F303RET6
