Added Member To Class: ClassName=universal driver Member=Component C1 10uF
Added Member To Class: ClassName=universal driver Member=Component C2 0.1uF
Added Member To Class: ClassName=universal driver Member=Component C3 0.1uF
Added Member To Class: ClassName=universal driver Member=Component C4 0.1uF
Added Member To Class: ClassName=universal driver Member=Component D1 AM1DS-0505SJZ
Added Member To Class: ClassName=universal driver Member=Component D3 MBRS540T3G
Added Member To Class: ClassName=universal driver Member=Component D4 MMSZ5226BT1G
Added Member To Class: ClassName=universal driver Member=Component D5 MMSZ5226BT1G
Added Member To Class: ClassName=universal driver Member=Component D6 MMSZ5226BT1G
Added Member To Class: ClassName=universal driver Member=Component D7 MMSZ5226BT1G
Added Member To Class: ClassName=universal driver Member=Component D8 MMSZ5226BT1G
Added Member To Class: ClassName=universal driver Member=Component D9 MMSZ5226BT1G
Added Member To Class: ClassName=universal driver Member=Component DD1 MAX485
Added Member To Class: ClassName=universal driver Member=Component DD2 LM2596S-ADJ
Added Member To Class: ClassName=universal driver Member=Component IC2
Added Member To Class: ClassName=universal driver Member=Component IC3 L297
Added Member To Class: ClassName=universal driver Member=Component J2 A-2004-2-4-LPS-N-R
Added Member To Class: ClassName=universal driver Member=Component J3 TB003-500-P09BE
Added Member To Class: ClassName=universal driver Member=Component R1 560
Added Member To Class: ClassName=universal driver Member=Component R2 560
Added Member To Class: ClassName=universal driver Member=Component R3 10K
Added Member To Class: ClassName=universal driver Member=Component R4 120
Added Member To Class: ClassName=universal driver Member=Component R5 10
Added Member To Class: ClassName=universal driver Member=Component R6 10
Added Member To Class: ClassName=universal driver Member=Component R7 10K
Added Member To Class: ClassName=universal driver Member=Component R8 10K
Added Member To Class: ClassName=universal driver Member=Component R9 10K
Added Member To Class: ClassName=universal driver Member=Component R10 20
Added Member To Class: ClassName=universal driver Member=Component R11 20
Added Member To Class: ClassName=universal driver Member=Component R12 20
Added Member To Class: ClassName=universal driver Member=Component R13 20
Added Member To Class: ClassName=universal driver Member=Component R14 20
Added Member To Class: ClassName=universal driver Member=Component R15 20
Added Member To Class: ClassName=universal driver Member=Component R17 20
Added Member To Class: ClassName=universal driver Member=Component R18 1K
Added Member To Class: ClassName=universal driver Member=Component R19 510
Added Member To Class: ClassName=universal driver Member=Component R20 4.7k
Added Member To Class: ClassName=universal driver Member=Component R21 4.7k
Added Member To Class: ClassName=universal driver Member=Component R22 0
Added Member To Class: ClassName=universal driver Member=Component R23 4.7k
Added Member To Class: ClassName=universal driver Member=Component R24 0
Added Member To Class: ClassName=universal driver Member=Component R26 1R
Added Member To Class: ClassName=universal driver Member=Component U1 MCP2551-I/SN
Added Member To Class: ClassName=universal driver Member=Component U2 LM1117T-3.3
Added Member To Class: ClassName=universal driver Member=Component U3 TXS0108EPWR
Added Member To Class: ClassName=universal driver Member=Component U5 TS5A3160DBVR
Added Member To Class: ClassName=universal driver Member=Component U6 TS5A3160DBVR
Added Member To Class: ClassName=universal driver Member=Component U7 TXS0108EPWR
Added Member To Class: ClassName=universal driver Member=Component U9 TS5A3160DBVR
