Change Component Designator: Old Designator=C1 New Designator=C?
Change Component Designator: Old Designator=C2 New Designator=C?
Change Component Designator: Old Designator=C3 New Designator=C?
Change Component Designator: Old Designator=C4 New Designator=C?
Change Component Designator: Old Designator=D1 New Designator=D?
Change Component Designator: Old Designator=D2 New Designator=D?
Change Component Designator: Old Designator=D3 New Designator=D?
Change Component Designator: Old Designator=D4 New Designator=D?
Change Component Designator: Old Designator=D5 New Designator=D?
Change Component Designator: Old Designator=D6 New Designator=D?
Change Component Designator: Old Designator=D7 New Designator=D?
Change Component Designator: Old Designator=D8 New Designator=D?
Change Component Designator: Old Designator=D9 New Designator=D?
Change Component Designator: Old Designator=D New Designator=D?
Change Component Designator: Old Designator=DD1 New Designator=DD?
Change Component Designator: Old Designator=IC1 New Designator=IC?
Change Component Designator: Old Designator=IC2 New Designator=IC?
Change Component Designator: Old Designator=IC3 New Designator=IC?
Change Component Designator: Old Designator=ISO7341C New Designator=ISO?
Change Component Designator: Old Designator=J1 New Designator=J?
Change Component Designator: Old Designator=J2 New Designator=J?
Change Component Designator: Old Designator=J3 New Designator=J?
Change Component Designator: Old Designator=L1 New Designator=L?
Change Component Designator: Old Designator=R1 New Designator=R?
Change Component Designator: Old Designator=R2 New Designator=R?
Change Component Designator: Old Designator=R3 New Designator=R?
Change Component Designator: Old Designator=R4 New Designator=R?
Change Component Designator: Old Designator=R5 New Designator=R?
Change Component Designator: Old Designator=R6 New Designator=R?
Change Component Designator: Old Designator=R7 New Designator=R?
Change Component Designator: Old Designator=R8 New Designator=R?
Change Component Designator: Old Designator=R9 New Designator=R?
Change Component Designator: Old Designator=R10 New Designator=R?
Change Component Designator: Old Designator=R11 New Designator=R?
Change Component Designator: Old Designator=R12 New Designator=R?
Change Component Designator: Old Designator=R13 New Designator=R?
Change Component Designator: Old Designator=R14 New Designator=R?
Change Component Designator: Old Designator=R15 New Designator=R?
Change Component Designator: Old Designator=R16 New Designator=R?
Change Component Designator: Old Designator=R17 New Designator=R?
Change Component Designator: Old Designator=R18 New Designator=R?
Change Component Designator: Old Designator=R19 New Designator=R?
Change Component Designator: Old Designator=R20 New Designator=R?
Change Component Designator: Old Designator=R21 New Designator=R?
Change Component Designator: Old Designator=R22 New Designator=R?
Change Component Designator: Old Designator=R23 New Designator=R?
Change Component Designator: Old Designator=R24 New Designator=R?
Change Component Designator: Old Designator=R25 New Designator=R?
Change Component Designator: Old Designator=R26 New Designator=R?
Change Component Designator: Old Designator=R27 New Designator=R?
Change Component Designator: Old Designator=S New Designator=S?
Change Component Designator: Old Designator=U1 New Designator=U?
Change Component Designator: Old Designator=U2 New Designator=U?
Change Component Designator: Old Designator=U3 New Designator=U?
Change Component Designator: Old Designator=U4 New Designator=U?
Change Component Designator: Old Designator=U5 New Designator=U?
Change Component Designator: Old Designator=U6 New Designator=U?
Change Component Designator: Old Designator=U7 New Designator=U?
Change Component Designator: Old Designator=U8 New Designator=U?
Change Component Designator: Old Designator=U9 New Designator=U?
Change Component Designator: Old Designator=U New Designator=U?
