Change Physical Footprint: Designator=1 Old Footprint=IR2104S New Footprint=IR2104S
Change Physical Footprint: Designator=1_1 Old Footprint=IR2104S New Footprint=IR2104S
Change Physical Footprint: Designator=1_2 Old Footprint=IR2104S New Footprint=IR2104S
Change Physical Footprint: Designator=1_3 Old Footprint=IR2104S New Footprint=IR2104S
Change Physical Footprint: Designator=C1 Old Footprint=C - EL_Tantal_TYPED New Footprint=C - EL_Tantal_TYPED
Change Physical Footprint: Designator=C1_1 Old Footprint=C - EL_Tantal_TYPED New Footprint=C - EL_Tantal_TYPED
Change Physical Footprint: Designator=C1_2 Old Footprint=C - EL_Tantal_TYPED New Footprint=C - EL_Tantal_TYPED
Change Physical Footprint: Designator=C1_3 Old Footprint=C - EL_Tantal_TYPED New Footprint=C - EL_Tantal_TYPED
Change Physical Footprint: Designator=C4 Old Footprint=ECR 10x13mm New Footprint=ECR 10x13mm
Change Physical Footprint: Designator=C5 Old Footprint=ECR 10x13mm New Footprint=ECR 10x13mm
Change Physical Footprint: Designator=D1 Old Footprint=DIO_ES1J New Footprint=DIO_ES1J
Change Physical Footprint: Designator=D1_1 Old Footprint=DIO_ES1J New Footprint=DIO_ES1J
Change Physical Footprint: Designator=D1_2 Old Footprint=DIO_ES1J New Footprint=DIO_ES1J
Change Physical Footprint: Designator=D1_3 Old Footprint=DIO_ES1J New Footprint=DIO_ES1J
Change Physical Footprint: Designator=D2 Old Footprint=DIO_ES1J New Footprint=DIO_ES1J
Change Physical Footprint: Designator=D2_1 Old Footprint=DIO_ES1J New Footprint=DIO_ES1J
Change Physical Footprint: Designator=D2_2 Old Footprint=DIO_ES1J New Footprint=DIO_ES1J
Change Physical Footprint: Designator=D2_3 Old Footprint=DIO_ES1J New Footprint=DIO_ES1J
Change Physical Footprint: Designator=D3 Old Footprint=DIO_ES1J New Footprint=DIO_ES1J
Change Physical Footprint: Designator=D3_1 Old Footprint=DIO_ES1J New Footprint=DIO_ES1J
Change Physical Footprint: Designator=D3_2 Old Footprint=DIO_ES1J New Footprint=DIO_ES1J
Change Physical Footprint: Designator=D3_3 Old Footprint=DIO_ES1J New Footprint=DIO_ES1J
Change Physical Footprint: Designator=D4 Old Footprint=DIO_ES1J New Footprint=DIO_ES1J
Change Physical Footprint: Designator=D4_1 Old Footprint=DIO_ES1J New Footprint=DIO_ES1J
Change Physical Footprint: Designator=D4_2 Old Footprint=DIO_ES1J New Footprint=DIO_ES1J
Change Physical Footprint: Designator=D4_3 Old Footprint=DIO_ES1J New Footprint=DIO_ES1J
Change Physical Footprint: Designator=D5 Old Footprint=DIO_ES1J New Footprint=DIO_ES1J
Change Physical Footprint: Designator=D5_1 Old Footprint=DIO_ES1J New Footprint=DIO_ES1J
Change Physical Footprint: Designator=D5_2 Old Footprint=DIO_ES1J New Footprint=DIO_ES1J
Change Physical Footprint: Designator=D5_3 Old Footprint=DIO_ES1J New Footprint=DIO_ES1J
Change Physical Footprint: Designator=D9 Old Footprint=DIOM7958X213N New Footprint=DIOM7958X213N
Change Physical Footprint: Designator=D10 Old Footprint=DIOM7958X213N New Footprint=DIOM7958X213N
Change Physical Footprint: Designator=D12 Old Footprint=DIOM7958X213N New Footprint=DIOM7958X213N
Change Physical Footprint: Designator=D13 Old Footprint=DIOM7958X213N New Footprint=DIOM7958X213N
Change Physical Footprint: Designator=D17 Old Footprint=DIOM7958X213N New Footprint=DIOM7958X213N
Change Physical Footprint: Designator=D19 Old Footprint=DIOM7958X213N New Footprint=DIOM7958X213N
Change Physical Footprint: Designator=D20 Old Footprint=DIOM7958X213N New Footprint=DIOM7958X213N
Change Physical Footprint: Designator=D21 Old Footprint=DIOM7958X213N New Footprint=DIOM7958X213N
Change Physical Footprint: Designator=G1 Old Footprint=D2PAK_M New Footprint=D2PAK_M
Change Physical Footprint: Designator=J1 Old Footprint=CONNFLY_DS1013-06SSIB1 New Footprint=CONNFLY_DS1013-06SSIB1
Change Physical Footprint: Designator=J2 Old Footprint=CUI_TB003-500-P06BE New Footprint=CUI_TB003-500-P06BE
Change Physical Footprint: Designator=J3 Old Footprint=CONNFLY_DS1013-10SSIB1 New Footprint=CONNFLY_DS1013-10SSIB1
Change Physical Footprint: Designator=Q1 Old Footprint=TO-220-KCS0003B New Footprint=TO-220-KCS0003B
Change Physical Footprint: Designator=Q1_1 Old Footprint=TO-220-KCS0003B New Footprint=TO-220-KCS0003B
Change Physical Footprint: Designator=Q1_2 Old Footprint=TO-220-KCS0003B New Footprint=TO-220-KCS0003B
Change Physical Footprint: Designator=Q1_3 Old Footprint=TO-220-KCS0003B New Footprint=TO-220-KCS0003B
Change Physical Footprint: Designator=Q2 Old Footprint=TO-220-KCS0003B New Footprint=TO-220-KCS0003B
Change Physical Footprint: Designator=Q2_1 Old Footprint=TO-220-KCS0003B New Footprint=TO-220-KCS0003B
Change Physical Footprint: Designator=Q2_2 Old Footprint=TO-220-KCS0003B New Footprint=TO-220-KCS0003B
Change Physical Footprint: Designator=Q2_3 Old Footprint=TO-220-KCS0003B New Footprint=TO-220-KCS0003B
Change Physical Footprint: Designator=R1 Old Footprint=RESC2012X65N New Footprint=RESC2012X65N
Change Physical Footprint: Designator=R1_1 Old Footprint=RESC2012X65N New Footprint=RESC2012X65N
Change Physical Footprint: Designator=R1_2 Old Footprint=RESC2012X65N New Footprint=RESC2012X65N
Change Physical Footprint: Designator=R1_3 Old Footprint=RESC2012X65N New Footprint=RESC2012X65N
Change Physical Footprint: Designator=R2 Old Footprint=RESC2012X65N New Footprint=RESC2012X65N
Change Physical Footprint: Designator=R2_1 Old Footprint=RESC2012X65N New Footprint=RESC2012X65N
Change Physical Footprint: Designator=R2_2 Old Footprint=RESC2012X65N New Footprint=RESC2012X65N
Change Physical Footprint: Designator=R2_3 Old Footprint=RESC2012X65N New Footprint=RESC2012X65N
Change Physical Footprint: Designator=R3 Old Footprint=RESC2012X65N New Footprint=RESC2012X65N
Change Physical Footprint: Designator=R3_1 Old Footprint=RESC2012X65N New Footprint=RESC2012X65N
Change Physical Footprint: Designator=R3_2 Old Footprint=RESC2012X65N New Footprint=RESC2012X65N
Change Physical Footprint: Designator=R3_3 Old Footprint=RESC2012X65N New Footprint=RESC2012X65N
Change Physical Footprint: Designator=R4 Old Footprint=RESC2012X65N New Footprint=RESC2012X65N
Change Physical Footprint: Designator=R4_1 Old Footprint=RESC2012X65N New Footprint=RESC2012X65N
Change Physical Footprint: Designator=R4_2 Old Footprint=RESC2012X65N New Footprint=RESC2012X65N
Change Physical Footprint: Designator=R4_3 Old Footprint=RESC2012X65N New Footprint=RESC2012X65N
Change Physical Footprint: Designator=R5 Old Footprint=RESC2012X65N New Footprint=RESC2012X65N
Change Physical Footprint: Designator=R5_1 Old Footprint=RESC2012X65N New Footprint=RESC2012X65N
Change Physical Footprint: Designator=R5_2 Old Footprint=RESC2012X65N New Footprint=RESC2012X65N
Change Physical Footprint: Designator=R5_3 Old Footprint=RESC2012X65N New Footprint=RESC2012X65N
Change Physical Footprint: Designator=R10 Old Footprint=RESC2012X65N New Footprint=RESC2012X65N
Change Physical Footprint: Designator=R17 Old Footprint=RESC2012X65N New Footprint=RESC2012X65N
Change Physical Footprint: Designator=R18 Old Footprint=RESC2012X65N New Footprint=RESC2012X65N
Change Physical Footprint: Designator=R19 Old Footprint=RESC2012X65N New Footprint=RESC2012X65N
Change Physical Footprint: Designator=R20 Old Footprint=RESC2012X65N New Footprint=RESC2012X65N
Change Physical Footprint: Designator=R21 Old Footprint=RESC2012X65N New Footprint=RESC2012X65N
Change Physical Footprint: Designator=R22 Old Footprint=RESC2012X65N New Footprint=RESC2012X65N
Change Physical Footprint: Designator=R25 Old Footprint=RESC2012X65N New Footprint=RESC2012X65N
Change Physical Footprint: Designator=R26 Old Footprint=RESC2012X65N New Footprint=RESC2012X65N
Change Physical Footprint: Designator=R27 Old Footprint=RESC2012X65N New Footprint=RESC2012X65N
Change Physical Footprint: Designator=R28 Old Footprint=RESC2012X65N New Footprint=RESC2012X65N
Change Physical Footprint: Designator=R30 Old Footprint=R2512 New Footprint=R2512
Change Physical Footprint: Designator=R31 Old Footprint=R2512 New Footprint=R2512
Change Physical Footprint: Designator=R32 Old Footprint=R2512 New Footprint=R2512
Change Physical Footprint: Designator=R33 Old Footprint=R2512 New Footprint=R2512
Change Physical Footprint: Designator=R34 Old Footprint=R2512 New Footprint=R2512
Change Physical Footprint: Designator=R35 Old Footprint=R2512 New Footprint=R2512
Change Physical Footprint: Designator=R36 Old Footprint=R2512 New Footprint=R2512
Change Physical Footprint: Designator=R37 Old Footprint=R2512 New Footprint=R2512
Change Physical Footprint: Designator=R38 Old Footprint=R2512 New Footprint=R2512
Change Physical Footprint: Designator=R39 Old Footprint=R2512 New Footprint=R2512
Change Physical Footprint: Designator=R40 Old Footprint=RESC2012X65N New Footprint=RESC2012X65N
Change Physical Footprint: Designator=R42 Old Footprint=RESC2012X65N New Footprint=RESC2012X65N
Change Physical Footprint: Designator=R44 Old Footprint=R2512 New Footprint=R2512
Change Physical Footprint: Designator=R45 Old Footprint=R2512 New Footprint=R2512
Change Physical Footprint: Designator=R46 Old Footprint=R2512 New Footprint=R2512
Change Physical Footprint: Designator=R47 Old Footprint=R2512 New Footprint=R2512
Change Physical Footprint: Designator=R48 Old Footprint=R2512 New Footprint=R2512
Change Physical Footprint: Designator=R49 Old Footprint=R2512 New Footprint=R2512
Change Physical Footprint: Designator=R50 Old Footprint=R2512 New Footprint=R2512
Change Physical Footprint: Designator=R51 Old Footprint=R2512 New Footprint=R2512
Change Physical Footprint: Designator=R52 Old Footprint=R2512 New Footprint=R2512
Change Physical Footprint: Designator=R53 Old Footprint=R2512 New Footprint=R2512
Change Physical Footprint: Designator=U1 Old Footprint=*SOT95P280X145-5N New Footprint=*SOT95P280X145-5N
Change Physical Footprint: Designator=U2 Old Footprint=*SOT95P280X145-5N New Footprint=*SOT95P280X145-5N
