Added Component: Designator=D5_1(DIO_ES1J)
Add component (AddParameter): Name = "Arrow_Electronics-Purchase-URL"; Value = "https://snapeda.com/shop?store=Arrow+Electronics&id=1637442"; VariantName = "[No Variations]"
Add component (AddParameter): Name = "Availability"; Value = "Good"; VariantName = "[No Variations]"
Add component (AddParameter): Name = "BuyPart"; Value = "https://www.snapeda.com/parts/ES1J/ON%20Semiconductor/view-part/1637442/?ref=eda"; VariantName = "[No Variations]"
Add component (AddParameter): Name = "DigiKey-Purchase-URL"; Value = "https://snapeda.com/shop?store=DigiKey&id=1637442"; VariantName = "[No Variations]"
Add component (AddParameter): Name = "MF"; Value = "ON Semiconductor"; VariantName = "[No Variations]"
Add component (AddParameter): Name = "Mouser-Purchase-URL"; Value = "https://snapeda.com/shop?store=Mouser&id=1637442"; VariantName = "[No Variations]"
Add component (AddParameter): Name = "MP"; Value = "ES1J"; VariantName = "[No Variations]"
Add component (AddParameter): Name = "Package"; Value = "SMA-2 ON Semiconductor"; VariantName = "[No Variations]"
Add component (AddParameter): Name = "Price"; Value = "None"; VariantName = "[No Variations]"
Add component (AddParameter): Name = "SnapEDA_Link"; Value = "https://www.snapeda.com/parts/ES1J/ON%20Semiconductor/view-part/1637442/?ref=snap"; VariantName = "[No Variations]"
Add component (AddParameter): Name = "Value"; Value = ""; VariantName = "[No Variations]"
Added Component: Designator=D5(DIO_ES1J)
Add component (AddParameter): Name = "Arrow_Electronics-Purchase-URL"; Value = "https://snapeda.com/shop?store=Arrow+Electronics&id=1637442"; VariantName = "[No Variations]"
Add component (AddParameter): Name = "Availability"; Value = "Good"; VariantName = "[No Variations]"
Add component (AddParameter): Name = "BuyPart"; Value = "https://www.snapeda.com/parts/ES1J/ON%20Semiconductor/view-part/1637442/?ref=eda"; VariantName = "[No Variations]"
Add component (AddParameter): Name = "DigiKey-Purchase-URL"; Value = "https://snapeda.com/shop?store=DigiKey&id=1637442"; VariantName = "[No Variations]"
Add component (AddParameter): Name = "MF"; Value = "ON Semiconductor"; VariantName = "[No Variations]"
Add component (AddParameter): Name = "Mouser-Purchase-URL"; Value = "https://snapeda.com/shop?store=Mouser&id=1637442"; VariantName = "[No Variations]"
Add component (AddParameter): Name = "MP"; Value = "ES1J"; VariantName = "[No Variations]"
Add component (AddParameter): Name = "Package"; Value = "SMA-2 ON Semiconductor"; VariantName = "[No Variations]"
Add component (AddParameter): Name = "Price"; Value = "None"; VariantName = "[No Variations]"
Add component (AddParameter): Name = "SnapEDA_Link"; Value = "https://www.snapeda.com/parts/ES1J/ON%20Semiconductor/view-part/1637442/?ref=snap"; VariantName = "[No Variations]"
Add component (AddParameter): Name = "Value"; Value = ""; VariantName = "[No Variations]"
Added Pin To Net: NetName=NetD5_1_A Pin=D5-A
Added Pin To Net: NetName=Net1_6 Pin=D5-K
Added Pin To Net: NetName=NetD5_1_A Pin=D5_1-A
Added Pin To Net: NetName=Net1_1_6 Pin=D5_1-K
Added Member To Class: ClassName=PWR_MOSFET Member=Component D5_1 ES1J
Added Member To Class: ClassName=PWR_MOSFET Member=Component D5 ES1J
